[    0.000000] Linux version 4.15.0-136-generic (buildd@lcy01-amd64-029) (gcc version 7.5.0 (Ubuntu 7.5.0-3ubuntu1~18.04)) #140-Ubuntu SMP Thu Jan 28 05:20:47 UTC 2021 (Ubuntu 4.15.0-136.140-generic 4.15.18)
[    0.000000] Command line: BOOT_IMAGE=/boot/vmlinuz-4.15.0-136-generic root=LABEL=cloudimg-rootfs ro console=tty1 console=ttyS0
[    0.000000] KERNEL supported cpus:
[    0.000000]   Intel GenuineIntel
[    0.000000]   AMD AuthenticAMD
[    0.000000]   Centaur CentaurHauls
[    0.000000] x86/fpu: Supporting XSAVE feature 0x001: 'x87 floating point registers'
[    0.000000] x86/fpu: Supporting XSAVE feature 0x002: 'SSE registers'
[    0.000000] x86/fpu: Supporting XSAVE feature 0x004: 'AVX registers'
[    0.000000] x86/fpu: xstate_offset[2]:  576, xstate_sizes[2]:  256
[    0.000000] x86/fpu: Enabled xstate features 0x7, context size is 832 bytes, using 'standard' format.
[    0.000000] e820: BIOS-provided physical RAM map:
[    0.000000] BIOS-e820: [mem 0x0000000000000000-0x000000000009fbff] usable
[    0.000000] BIOS-e820: [mem 0x000000000009fc00-0x000000000009ffff] reserved
[    0.000000] BIOS-e820: [mem 0x00000000000f0000-0x00000000000fffff] reserved
[    0.000000] BIOS-e820: [mem 0x0000000000100000-0x000000003ffeffff] usable
[    0.000000] BIOS-e820: [mem 0x000000003fff0000-0x000000003fffffff] ACPI data
[    0.000000] BIOS-e820: [mem 0x00000000fec00000-0x00000000fec00fff] reserved
[    0.000000] BIOS-e820: [mem 0x00000000fee00000-0x00000000fee00fff] reserved
[    0.000000] BIOS-e820: [mem 0x00000000fffc0000-0x00000000ffffffff] reserved
[    0.000000] NX (Execute Disable) protection: active
[    0.000000] SMBIOS 2.5 present.
[    0.000000] DMI: innotek GmbH VirtualBox/VirtualBox, BIOS VirtualBox 12/01/2006
[    0.000000] Hypervisor detected: KVM
[    0.000000] e820: last_pfn = 0x3fff0 max_arch_pfn = 0x400000000
[    0.000000] MTRR: Disabled
[    0.000000] x86/PAT: MTRRs disabled, skipping PAT initialization too.
[    0.000000] CPU MTRRs all blank - virtualized system.
[    0.000000] x86/PAT: Configuration [0-7]: WB  WT  UC- UC  WB  WT  UC- UC  
[    0.000000] found SMP MP-table at [mem 0x0009fff0-0x0009ffff]
[    0.000000] Scanning 1 areas for low memory corruption
[    0.000000] RAMDISK: [mem 0x35a63000-0x36d28fff]
[    0.000000] ACPI: Early table checksum verification disabled
[    0.000000] ACPI: RSDP 0x00000000000E0000 000024 (v02 VBOX  )
[    0.000000] ACPI: XSDT 0x000000003FFF0030 00003C (v01 VBOX   VBOXXSDT 00000001 ASL  00000061)
[    0.000000] ACPI: FACP 0x000000003FFF00F0 0000F4 (v04 VBOX   VBOXFACP 00000001 ASL  00000061)
[    0.000000] ACPI: DSDT 0x000000003FFF0470 002325 (v02 VBOX   VBOXBIOS 00000002 INTL 20100528)
[    0.000000] ACPI: FACS 0x000000003FFF0200 000040
[    0.000000] ACPI: FACS 0x000000003FFF0200 000040
[    0.000000] ACPI: APIC 0x000000003FFF0240 00005C (v02 VBOX   VBOXAPIC 00000001 ASL  00000061)
[    0.000000] ACPI: SSDT 0x000000003FFF02A0 0001CC (v01 VBOX   VBOXCPUT 00000002 INTL 20100528)
[    0.000000] No NUMA configuration found
[    0.000000] Faking a node at [mem 0x0000000000000000-0x000000003ffeffff]
[    0.000000] NODE_DATA(0) allocated [mem 0x3ffc5000-0x3ffeffff]
[    0.000000] kvm-clock: cpu 0, msr 0:3ff44001, primary cpu clock
[    0.000000] kvm-clock: Using msrs 4b564d01 and 4b564d00
[    0.000000] kvm-clock: using sched offset of 3836766397 cycles
[    0.000000] clocksource: kvm-clock: mask: 0xffffffffffffffff max_cycles: 0x1cd42e4dffb, max_idle_ns: 881590591483 ns
[    0.000000] Zone ranges:
[    0.000000]   DMA      [mem 0x0000000000001000-0x0000000000ffffff]
[    0.000000]   DMA32    [mem 0x0000000001000000-0x000000003ffeffff]
[    0.000000]   Normal   empty
[    0.000000]   Device   empty
[    0.000000] Movable zone start for each node
[    0.000000] Early memory node ranges
[    0.000000]   node   0: [mem 0x0000000000001000-0x000000000009efff]
[    0.000000]   node   0: [mem 0x0000000000100000-0x000000003ffeffff]
[    0.000000] Reserved but unavailable: 98 pages
[    0.000000] Initmem setup node 0 [mem 0x0000000000001000-0x000000003ffeffff]
[    0.000000] ACPI: PM-Timer IO Port: 0x4008
[    0.000000] IOAPIC[0]: apic_id 2, version 32, address 0xfec00000, GSI 0-23
[    0.000000] ACPI: INT_SRC_OVR (bus 0 bus_irq 0 global_irq 2 dfl dfl)
[    0.000000] ACPI: INT_SRC_OVR (bus 0 bus_irq 9 global_irq 9 low level)
[    0.000000] Using ACPI (MADT) for SMP configuration information
[    0.000000] smpboot: Allowing 2 CPUs, 0 hotplug CPUs
[    0.000000] PM: Registered nosave memory: [mem 0x00000000-0x00000fff]
[    0.000000] PM: Registered nosave memory: [mem 0x0009f000-0x0009ffff]
[    0.000000] PM: Registered nosave memory: [mem 0x000a0000-0x000effff]
[    0.000000] PM: Registered nosave memory: [mem 0x000f0000-0x000fffff]
[    0.000000] e820: [mem 0x40000000-0xfebfffff] available for PCI devices
[    0.000000] Booting paravirtualized kernel on KVM
[    0.000000] clocksource: refined-jiffies: mask: 0xffffffff max_cycles: 0xffffffff, max_idle_ns: 7645519600211568 ns
[    0.000000] random: get_random_bytes called from start_kernel+0x99/0x500 with crng_init=0
[    0.000000] setup_percpu: NR_CPUS:8192 nr_cpumask_bits:2 nr_cpu_ids:2 nr_node_ids:1
[    0.000000] percpu: Embedded 45 pages/cpu s147456 r8192 d28672 u1048576
[    0.000000] PV qspinlock hash table entries: 256 (order: 0, 4096 bytes)
[    0.000000] Built 1 zonelists, mobility grouping on.  Total pages: 257913
[    0.000000] Policy zone: DMA32
[    0.000000] Kernel command line: BOOT_IMAGE=/boot/vmlinuz-4.15.0-136-generic root=LABEL=cloudimg-rootfs ro console=tty1 console=ttyS0
[    0.000000] Memory: 983020K/1048120K available (12300K kernel code, 2482K rwdata, 4276K rodata, 2440K init, 2724K bss, 65100K reserved, 0K cma-reserved)
[    0.000000] SLUB: HWalign=64, Order=0-3, MinObjects=0, CPUs=2, Nodes=1
[    0.000000] Kernel/User page tables isolation: enabled
[    0.000000] ftrace: allocating 39427 entries in 155 pages
[    0.004000] Hierarchical RCU implementation.
[    0.004000] 	RCU restricting CPUs from NR_CPUS=8192 to nr_cpu_ids=2.
[    0.004000] 	Tasks RCU enabled.
[    0.004000] RCU: Adjusting geometry for rcu_fanout_leaf=16, nr_cpu_ids=2
[    0.004000] NR_IRQS: 524544, nr_irqs: 440, preallocated irqs: 16
[    0.004000] Console: colour VGA+ 80x25
[    0.004000] console [tty1] enabled
[    0.004000] console [ttyS0] enabled
[    0.004000] ACPI: Core revision 20170831
[    0.004000] ACPI: 2 ACPI AML tables successfully acquired and loaded
[    0.004000] APIC: Switch to symmetric I/O mode setup
[    0.004000] x2apic enabled
[    0.004000] Switched APIC routing to physical x2apic.
[    0.004000] ..TIMER: vector=0x30 apic1=0 pin1=2 apic2=-1 pin2=-1
[    0.004003] tsc: Detected 2111.998 MHz processor
[    0.004897] Calibrating delay loop (skipped) preset value.. 4223.99 BogoMIPS (lpj=8447992)
[    0.005570] pid_max: default: 32768 minimum: 301
[    0.008033] Security Framework initialized
[    0.008884] Yama: becoming mindful.
[    0.009615] AppArmor: AppArmor initialized
[    0.012040] Dentry cache hash table entries: 131072 (order: 8, 1048576 bytes)
[    0.016051] Inode-cache hash table entries: 65536 (order: 7, 524288 bytes)
[    0.020012] Mount-cache hash table entries: 2048 (order: 2, 16384 bytes)
[    0.021644] Mountpoint-cache hash table entries: 2048 (order: 2, 16384 bytes)
[    0.023076] Last level iTLB entries: 4KB 64, 2MB 8, 4MB 8
[    0.024000] Last level dTLB entries: 4KB 64, 2MB 0, 4MB 0, 1GB 4
[    0.024003] Spectre V1 : Mitigation: usercopy/swapgs barriers and __user pointer sanitization
[    0.025447] Spectre V2 : Mitigation: Full generic retpoline
[    0.026438] Spectre V2 : Spectre v2 / SpectreRSB mitigation: Filling RSB on context switch
[    0.028003] Speculative Store Bypass: Vulnerable
[    0.028951] SRBDS: Unknown: Dependent on hypervisor status
[    0.030072] MDS: Mitigation: Clear CPU buffers
[    0.031027] Freeing SMP alternatives memory: 36K
[    0.141885] smpboot: CPU0: Intel(R) Core(TM) i7-8650U CPU @ 1.90GHz (family: 0x6, model: 0x8e, stepping: 0xa)
[    0.143685] Performance Events: unsupported p6 CPU model 142 no PMU driver, software events only.
[    0.144000] Hierarchical SRCU implementation.
[    0.144493] NMI watchdog: Perf event create on CPU 0 failed with -2
[    0.145702] NMI watchdog: Perf NMI watchdog permanently disabled
[    0.146759] smp: Bringing up secondary CPUs ...
[    0.148065] x86: Booting SMP configuration:
[    0.148835] .... node  #0, CPUs:      #1
[    0.004000] kvm-clock: cpu 1, msr 0:3ff44041, secondary cpu clock
[    0.152017] smp: Brought up 1 node, 2 CPUs
[    0.152805] smpboot: Max logical packages: 1
[    0.153672] smpboot: Total of 2 processors activated (8447.99 BogoMIPS)
[    0.156109] devtmpfs: initialized
[    0.160047] x86/mm: Memory block size: 128MB
[    0.160987] evm: security.selinux
[    0.161658] evm: security.SMACK64
[    0.162323] evm: security.SMACK64EXEC
[    0.163037] evm: security.SMACK64TRANSMUTE
[    0.164003] evm: security.SMACK64MMAP
[    0.164723] evm: security.apparmor
[    0.165397] evm: security.ima
[    0.166010] evm: security.capability
[    0.166759] clocksource: jiffies: mask: 0xffffffff max_cycles: 0xffffffff, max_idle_ns: 7645041785100000 ns
[    0.168008] futex hash table entries: 512 (order: 3, 32768 bytes)
[    0.172027] pinctrl core: initialized pinctrl subsystem
[    0.176107] RTC time: 18:46:32, date: 03/02/21
[    0.177342] NET: Registered protocol family 16
[    0.178407] audit: initializing netlink subsys (disabled)
[    0.180008] audit: type=2000 audit(1614710797.572:1): state=initialized audit_enabled=0 res=1
[    0.180126] cpuidle: using governor ladder
[    0.180964] cpuidle: using governor menu
[    0.181842] ACPI: bus type PCI registered
[    0.184003] acpiphp: ACPI Hot Plug PCI Controller Driver version: 0.5
[    0.185828] PCI: Using configuration type 1 for base access
[    0.189111] HugeTLB registered 2.00 MiB page size, pre-allocated 0 pages
[    0.189404] ACPI: Added _OSI(Module Device)
[    0.192008] ACPI: Added _OSI(Processor Device)
[    0.193008] ACPI: Added _OSI(3.0 _SCP Extensions)
[    0.194196] ACPI: Added _OSI(Processor Aggregator Device)
[    0.196006] ACPI: Added _OSI(Linux-Dell-Video)
[    0.196910] ACPI: Added _OSI(Linux-Lenovo-NV-HDMI-Audio)
[    0.198064] ACPI: Added _OSI(Linux-HPI-Hybrid-Graphics)
[    0.199596] ACPI: Executed 1 blocks of module-level executable AML code
[    0.205815] ACPI: Interpreter enabled
[    0.206660] ACPI: (supports S0 S5)
[    0.207405] ACPI: Using IOAPIC for interrupt routing
[    0.208007] PCI: Using host bridge windows from ACPI; if necessary, use "pci=nocrs" and report a bug
[    0.210315] ACPI: Enabled 2 GPEs in block 00 to 07
[    0.219870] ACPI: PCI Root Bridge [PCI0] (domain 0000 [bus 00-ff])
[    0.220024] acpi PNP0A03:00: _OSC: OS supports [ASPM ClockPM Segments MSI]
[    0.222214] acpi PNP0A03:00: _OSC: not requesting OS control; OS requires [ExtendedConfig ASPM ClockPM MSI]
[    0.224012] acpi PNP0A03:00: fail to add MMCONFIG information, can't access extended PCI configuration space under this bridge.
[    0.228508] PCI host bridge to bus 0000:00
[    0.229537] pci_bus 0000:00: root bus resource [io  0x0000-0x0cf7 window]
[    0.230995] pci_bus 0000:00: root bus resource [io  0x0d00-0xffff window]
[    0.232003] pci_bus 0000:00: root bus resource [mem 0x000a0000-0x000bffff window]
[    0.233695] pci_bus 0000:00: root bus resource [mem 0x40000000-0xfdffffff window]
[    0.236004] pci_bus 0000:00: root bus resource [bus 00-ff]
[    0.239397] pci 0000:00:01.1: legacy IDE quirk: reg 0x10: [io  0x01f0-0x01f7]
[    0.240002] pci 0000:00:01.1: legacy IDE quirk: reg 0x14: [io  0x03f6]
[    0.241188] pci 0000:00:01.1: legacy IDE quirk: reg 0x18: [io  0x0170-0x0177]
[    0.244002] pci 0000:00:01.1: legacy IDE quirk: reg 0x1c: [io  0x0376]
[    0.258565] pci 0000:00:07.0: quirk: [io  0x4000-0x403f] claimed by PIIX4 ACPI
[    0.259923] pci 0000:00:07.0: quirk: [io  0x4100-0x410f] claimed by PIIX4 SMB
[    0.268408] ACPI: PCI Interrupt Link [LNKA] (IRQs 5 9 10 *11)
[    0.270082] ACPI: PCI Interrupt Link [LNKB] (IRQs 5 9 *10 11)
[    0.271307] ACPI: PCI Interrupt Link [LNKC] (IRQs 5 *9 10 11)
[    0.272146] ACPI: PCI Interrupt Link [LNKD] (IRQs 5 9 10 *11)
[    0.273674] SCSI subsystem initialized
[    0.274489] pci 0000:00:02.0: vgaarb: setting as boot VGA device
[    0.274489] pci 0000:00:02.0: vgaarb: VGA device added: decodes=io+mem,owns=io+mem,locks=none
[    0.276010] pci 0000:00:02.0: vgaarb: bridge control possible
[    0.277235] vgaarb: loaded
[    0.280033] ACPI: bus type USB registered
[    0.280955] usbcore: registered new interface driver usbfs
[    0.282298] usbcore: registered new interface driver hub
[    0.284010] usbcore: registered new device driver usb
[    0.285178] EDAC MC: Ver: 3.0.0
[    0.285273] PCI: Using ACPI for IRQ routing
[    0.288340] NetLabel: Initializing
[    0.289148] NetLabel:  domain hash size = 128
[    0.290025] NetLabel:  protocols = UNLABELED CIPSOv4 CALIPSO
[    0.291194] NetLabel:  unlabeled traffic allowed by default
[    0.292063] clocksource: Switched to clocksource kvm-clock
[    0.338821] VFS: Disk quotas dquot_6.6.0
[    0.339692] VFS: Dquot-cache hash table entries: 512 (order 0, 4096 bytes)
[    0.341160] AppArmor: AppArmor Filesystem Enabled
[    0.342202] pnp: PnP ACPI init
[    0.344353] pnp: PnP ACPI: found 3 devices
[    0.356311] clocksource: acpi_pm: mask: 0xffffff max_cycles: 0xffffff, max_idle_ns: 2085701024 ns
[    0.358132] NET: Registered protocol family 2
[    0.359199] TCP established hash table entries: 8192 (order: 4, 65536 bytes)
[    0.360746] TCP bind hash table entries: 8192 (order: 5, 131072 bytes)
[    0.375821] TCP: Hash tables configured (established 8192 bind 8192)
[    0.377061] UDP hash table entries: 512 (order: 2, 16384 bytes)
[    0.378065] UDP-Lite hash table entries: 512 (order: 2, 16384 bytes)
[    0.379150] NET: Registered protocol family 1
[    0.379960] pci 0000:00:00.0: Limiting direct PCI/PCI transfers
[    0.381102] pci 0000:00:01.0: Activating ISA DMA hang workarounds
[    0.382219] pci 0000:00:02.0: Video device with shadowed ROM at [mem 0x000c0000-0x000dffff]
[    0.383762] Unpacking initramfs...
[    1.071742] Freeing initrd memory: 19224K
[    1.072836] clocksource: tsc: mask: 0xffffffffffffffff max_cycles: 0x1e71768ef8b, max_idle_ns: 440795218977 ns
[    1.074615] platform rtc_cmos: registered platform RTC device (no PNP device found)
[    1.076045] Scanning for low memory corruption every 60 seconds
[    1.077883] Initialise system trusted keyrings
[    1.078871] Key type blacklist registered
[    1.079869] workingset: timestamp_bits=36 max_order=18 bucket_order=0
[    1.083441] zbud: loaded
[    1.084643] squashfs: version 4.0 (2009/01/31) Phillip Lougher
[    1.086155] fuse init (API version 7.26)
[    1.089785] Key type asymmetric registered
[    1.090599] Asymmetric key parser 'x509' registered
[    1.091577] Block layer SCSI generic (bsg) driver version 0.4 loaded (major 246)
[    1.093150] io scheduler noop registered
[    1.095977] io scheduler deadline registered
[    1.096908] io scheduler cfq registered (default)
[    1.098112] ACPI: AC Adapter [AC] (on-line)
[    1.099031] input: Power Button as /devices/LNXSYSTM:00/LNXPWRBN:00/input/input0
[    1.100679] ACPI: Power Button [PWRF]
[    1.101596] input: Sleep Button as /devices/LNXSYSTM:00/LNXSLPBN:00/input/input1
[    1.103083] ACPI: Sleep Button [SLPF]
[    1.105382] ACPI: Battery Slot [BAT0] (battery present)
[    1.106493] Serial: 8250/16550 driver, 32 ports, IRQ sharing enabled
[    1.128552] 00:02: ttyS0 at I/O 0x3f8 (irq = 4, base_baud = 115200) is a 16550A
[    1.133581] Linux agpgart interface v0.103
[    1.135664] loop: module loaded
[    1.136798] scsi host0: ata_piix
[    1.137495] scsi host1: ata_piix
[    1.138132] ata1: PATA max UDMA/33 cmd 0x1f0 ctl 0x3f6 bmdma 0xd000 irq 14
[    1.139284] ata2: PATA max UDMA/33 cmd 0x170 ctl 0x376 bmdma 0xd008 irq 15
[    1.140892] libphy: Fixed MDIO Bus: probed
[    1.141685] tun: Universal TUN/TAP device driver, 1.6
[    1.142756] PPP generic driver version 2.4.2
[    1.143743] ehci_hcd: USB 2.0 'Enhanced' Host Controller (EHCI) Driver
[    1.144925] ehci-pci: EHCI PCI platform driver
[    1.145781] ehci-platform: EHCI generic platform driver
[    1.146780] ohci_hcd: USB 1.1 'Open' Host Controller (OHCI) Driver
[    1.147914] ohci-pci: OHCI PCI platform driver
[    1.148822] ohci-platform: OHCI generic platform driver
[    1.149852] uhci_hcd: USB Universal Host Controller Interface driver
[    1.151249] i8042: PNP: PS/2 Controller [PNP0303:PS2K,PNP0f03:PS2M] at 0x60,0x64 irq 1,12
[    1.153442] serio: i8042 KBD port at 0x60,0x64 irq 1
[    1.154429] serio: i8042 AUX port at 0x60,0x64 irq 12
[    1.155696] mousedev: PS/2 mouse device common for all mice
[    1.157688] rtc_cmos rtc_cmos: rtc core: registered rtc_cmos as rtc0
[    1.159079] rtc_cmos rtc_cmos: alarms up to one day, 114 bytes nvram
[    1.160487] input: AT Translated Set 2 keyboard as /devices/platform/i8042/serio0/input/input2
[    1.162081] i2c /dev entries driver
[    1.162928] device-mapper: uevent: version 1.0.3
[    1.163947] device-mapper: ioctl: 4.37.0-ioctl (2017-09-20) initialised: dm-devel@redhat.com
[    1.165735] ledtrig-cpu: registered to indicate activity on CPUs
[    1.167462] NET: Registered protocol family 10
[    1.172640] Segment Routing with IPv6
[    1.173346] NET: Registered protocol family 17
[    1.174314] Key type dns_resolver registered
[    1.175414] mce: Using 0 MCE banks
[    1.176134] RAS: Correctable Errors collector initialized.
[    1.177293] sched_clock: Marking stable (1177276785, 0)->(1389426661, -212149876)
[    1.179383] registered taskstats version 1
[    1.180303] Loading compiled-in X.509 certificates
[    1.183726] Loaded X.509 cert 'Build time autogenerated kernel key: c356b48d5f070be9e15fb09bbd57426939f0386e'
[    1.186131] zswap: loaded using pool lzo/zbud
[    1.191358] Key type big_key registered
[    1.192211] Key type trusted registered
[    1.195265] Key type encrypted registered
[    1.196099] AppArmor: AppArmor sha1 policy hashing enabled
[    1.197168] ima: No TPM chip found, activating TPM-bypass! (rc=-19)
[    1.198425] ima: Allocated hash algorithm: sha1
[    1.199439] evm: HMAC attrs: 0x1
[    1.200506]   Magic number: 13:276:796
[    1.201506] rtc_cmos rtc_cmos: setting system clock to 2021-03-02 18:46:33 UTC (1614710793)
[    1.203284] BIOS EDD facility v0.16 2004-Jun-25, 0 devices found
[    1.204641] EDD information not available.
[    1.967616] Freeing unused kernel image memory: 2440K
[    1.984973] Write protecting the kernel read-only data: 20480k
[    1.986654] Freeing unused kernel image memory: 2008K
[    1.987778] Freeing unused kernel image memory: 1868K
[    1.997914] x86/mm: Checked W+X mappings: passed, no W+X pages found.
[    1.999160] x86/mm: Checking user space page tables
[    2.029881] x86/mm: Checked W+X mappings: passed, no W+X pages found.
Loading, please wait...
starting version 237
[    2.110616] e1000: Intel(R) PRO/1000 Network Driver - version 7.3.21-k8-NAPI
[    2.111928] e1000: Copyright (c) 1999-2006 Intel Corporation.
[    2.116280] Fusion MPT base driver 3.04.20
[    2.117211] Copyright (c) 1999-2008 LSI Corporation
[    2.130207] Fusion MPT SPI Host driver 3.04.20
[    2.133428] AVX2 version of gcm_enc/dec engaged.
[    2.134614] AES CTR mode by8 optimization enabled
[    2.330726] input: ImExPS/2 Generic Explorer Mouse as /devices/platform/i8042/serio1/input/input4
[    2.929283] e1000 0000:00:03.0 eth0: (PCI:33MHz:32-bit) 02:dd:e5:eb:6c:77
[    2.930510] e1000 0000:00:03.0 eth0: Intel(R) PRO/1000 Network Connection
[    2.932654] mptbase: ioc0: Initiating bringup
[    3.906092] ioc0: LSI53C1030 A0: Capabilities={Initiator}
[    5.178864] scsi host2: ioc0: LSI53C1030 A0, FwRev=00000000h, Ports=1, MaxQ=256, IRQ=20
[    7.051238] scsi 2:0:0:0: Direct-Access     VBOX     HARDDISK         1.0  PQ: 0 ANSI: 5
[    7.092254] scsi target2:0:0: Beginning Domain Validation
[    7.098889] scsi target2:0:0: Domain Validation skipping write tests
[    7.101739] scsi target2:0:0: Ending Domain Validation
[    7.104286] scsi target2:0:0: asynchronous
[    7.115514] scsi 2:0:1:0: Direct-Access     VBOX     HARDDISK         1.0  PQ: 0 ANSI: 5
[    7.424347] scsi target2:0:1: Beginning Domain Validation
[    7.427686] random: fast init done
[    7.428760] scsi target2:0:1: Domain Validation skipping write tests
[    7.430354] scsi target2:0:1: Ending Domain Validation
[    7.431498] scsi target2:0:1: asynchronous
[    7.436888] random: systemd-udevd: uninitialized urandom read (16 bytes read)
[    7.438051] random: systemd-udevd: uninitialized urandom read (16 bytes read)
[    7.439249] random: systemd-udevd: uninitialized urandom read (16 bytes read)
[    7.440650] sd 2:0:0:0: Attached scsi generic sg0 type 0
[    7.441942] sd 2:0:1:0: Attached scsi generic sg1 type 0
[    7.447688] sd 2:0:0:0: [sda] 83886080 512-byte logical blocks: (42.9 GB/40.0 GiB)
[    7.449257] sd 2:0:1:0: [sdb] 20480 512-byte logical blocks: (10.5 MB/10.0 MiB)
[    7.450677] sd 2:0:0:0: [sda] Write Protect is off
[    7.451620] sd 2:0:1:0: [sdb] Write Protect is off
[    7.452705] sd 2:0:0:0: [sda] Incomplete mode parameter data
[    7.453736] sd 2:0:0:0: [sda] Assuming drive cache: write through
[    7.454893] sd 2:0:1:0: [sdb] Incomplete mode parameter data
[    7.456122] sd 2:0:1:0: [sdb] Assuming drive cache: write through
[    7.460261]  sda: sda1
[    7.462926] sd 2:0:0:0: [sda] Attached SCSI disk
[    7.463046] e1000 0000:00:08.0 eth1: (PCI:33MHz:32-bit) 08:00:27:04:85:88
[    7.465110] e1000 0000:00:08.0 eth1: Intel(R) PRO/1000 Network Connection
[    7.465127] sd 2:0:1:0: [sdb] Attached SCSI disk
[    7.468199] e1000 0000:00:08.0 enp0s8: renamed from eth1
[    7.480257] e1000 0000:00:03.0 enp0s3: renamed from eth0
Begin: Loading essential drivers ... [    9.036322] raid6: sse2x1   gen() 11306 MB/s
[    9.084153] raid6: sse2x1   xor()  8284 MB/s
[    9.132033] raid6: sse2x2   gen() 13628 MB/s
[    9.180809] raid6: sse2x2   xor()  9550 MB/s
[    9.228114] raid6: sse2x4   gen() 12447 MB/s
[    9.276461] raid6: sse2x4   xor()  9588 MB/s
[    9.324297] raid6: avx2x1   gen() 22989 MB/s
[    9.372107] raid6: avx2x1   xor() 13251 MB/s
[    9.420017] raid6: avx2x2   gen() 23648 MB/s
[    9.468764] raid6: avx2x2   xor() 14021 MB/s
[    9.516524] raid6: avx2x4   gen() 34644 MB/s
[    9.564397] raid6: avx2x4   xor() 18770 MB/s
[    9.565311] raid6: using algorithm avx2x4 gen() 34644 MB/s
[    9.566373] raid6: .... xor() 18770 MB/s, rmw enabled
[    9.567251] raid6: using avx2x2 recovery algorithm
[    9.569338] xor: automatically using best checksumming function   avx       
[    9.571652] async_tx: api initialized (async)
done.
Begin: Running /scripts/init-premount ... done.
Begin: Mounting root file system ... Begin: Running /scripts/local-top ... done.
Begin: Running /scripts/local-premount ... [    9.613387] Btrfs loaded, crc32c=crc32c-intel
Scanning for Btrfs filesystems
done.
Warning: fsck not present, so skipping root file system
[    9.643264] EXT4-fs (sda1): mounted filesystem with ordered data mode. Opts: (null)
done.
Begin: Running /scripts/local-bottom ... done.
Begin: Running /scripts/init-bottom ... done.
[    9.784682] ip_tables: (C) 2000-2006 Netfilter Core Team
[    9.794020] systemd[1]: systemd 237 running in system mode. (+PAM +AUDIT +SELINUX +IMA +APPARMOR +SMACK +SYSVINIT +UTMP +LIBCRYPTSETUP +GCRYPT +GNUTLS +ACL +XZ +LZ4 +SECCOMP +BLKID +ELFUTILS +KMOD -IDN2 +IDN -PCRE2 default-hierarchy=hybrid)
[    9.798382] systemd[1]: Detected virtualization oracle.
[    9.799562] systemd[1]: Detected architecture x86-64.

Welcome to [1mUbuntu 18.04.5 LTS[0m!

[    9.816934] systemd[1]: Set hostname to <ubuntu>.
[    9.822734] systemd[1]: Initializing machine ID from random generator.
[    9.823942] systemd[1]: Installed transient /etc/machine-id file.
[   10.055671] systemd[1]: Created slice User and Session Slice.
[[0;32m  OK  [0m] Created slice User and Session Slice.
[   10.057389] systemd[1]: Started Forward Password Requests to Wall Directory Watch.
[[0;32m  OK  [0m] Started Forward Password Requests to Wall Directory Watch.
[   10.059506] systemd[1]: Reached target System Time Synchronized.
[[0;32m  OK  [0m] Reached target System Time Synchronized.
[   10.061201] systemd[1]: Reached target Swap.
[[0;32m  OK  [0m] Reached target Swap.
[[0;32m  OK  [0m] Reached target User and Group Name Lookups.
[[0;32m  OK  [0m] Created slice System Slice.
[[0;32m  OK  [0m] Listening on udev Control Socket.
[[0;32m  OK  [0m] Listening on Syslog Socket.
[[0;32m  OK  [0m] Listening on Journal Socket (/dev/log).
[[0;32m  OK  [0m] Listening on Network Service Netlink Socket.
[[0;32m  OK  [0m] Listening on LVM2 poll daemon socket.
[[0;32m  OK  [0m] Listening on Journal Socket.
         Mounting Huge Pages File System...
         Starting Set the console keyboard layout...
[[0;32m  OK  [0m] Listening on fsck to fsckd communication Socket.
[[0;32m  OK  [0m] Listening on Journal Audit Socket.
[[0;32m  OK  [0m] Listening on LVM2 metadata daemon socket.
         Starting Uncomplicated firewall...
[[0;32m  OK  [0m] Created slice system-serial\x2dgetty.slice.
         Mounting Kernel Debug File System...
         Starting File System Check on Root Device...
         Mounting POSIX Message Queue File System...
[[0;32m  OK  [0m] Listening on Device-mapper event daemon FIFOs.
         Starting Load Kernel Modules...
[[0;32m  OK  [0m] Listening on /dev/initctl Compatibility Named Pipe.
         Starting Journal Service...
         Starting Create list of required st…ce nodes for the current kernel...
[   10.175217] Loading iSCSI transport class v2.0-870.
[[0;32m  OK  [0m] Listening on udev Kernel Socket.
[   10.183746] iscsi: registered transport (tcp)
         Starting udev Coldplug all Devices...
[[0;32m  OK  [0m] Reached target Slices.
[[0;32m  OK  [0m] Set up automount Arbitrary Executab…rmats File System Automount Point.
         Starting Monitoring of LVM2 mirrors…ng dmeventd or progress polling...
[[0;32m  OK  [0m] Started Journal Service.
[[0;32m  OK  [0m] Mounted Huge Pages File System.
[[0;32m  OK  [0m] Started Uncomplicated firewall.
[[0;32m  OK  [0m] Mounted Kernel Debug File System.
[[0;32m  OK  [0m] Started File System Check on Root Device.
[[0;32m  OK  [0m] Mounted POSIX Message Queue File System.
[[0;32m  OK  [0m] Started Create list of required sta…vice nodes for the current kernel.
[[0;32m  OK  [0m] Started File System Check Daemon to report status.
         Starting Create Static Device Nodes in /dev...
         Starting Remount Root and Kernel File Systems...
[[0;32m  OK  [0m] Started LVM2 metadata daemon.
[   10.374822] iscsi: registered transport (iser)
[[0;32m  OK  [0m] Started Load Kernel Modules.
         Mounting FUSE Control File System...
         Mounting Kernel Configuration File System...
         Starting Apply Kernel Variables...
[[0;32m  OK  [0m] Mounted Kernel Configuration File System.
[[0;32m  OK  [0m] Mounted FUSE Control File System.
[[0;32m  OK  [0m] Started udev Coldplug all Devices.
[[0;32m  OK  [0m] Started Create Static Device Nodes in /dev.
[[0;32m  OK  [0m] Started Set the console keyboard layout.
[[0;32m  OK  [0m] Started Remount Root and Kernel File Systems.
         Starting udev Kernel Device Manager...
         Starting Flush Journal to Persistent Storage...
         Starting Load/Save Random Seed...
[[0;32m  OK  [0m] Started Monitoring of LVM2 mirrors,…sing dmeventd or progress polling.
[[0;32m  OK  [0m] Started Apply Kernel Variables.
[[0;32m  OK  [0m] Started Load/Save Random Seed.
[[0;32m  OK  [0m] Reached target Local File Systems (Pre).
[[0;32m  OK  [0m] Reached target Local File Systems.
         Starting Tell Plymouth To Write Out Runtime Data...
         Starting Commit a transient machine-id on disk...
         Starting ebtables ruleset management...
         Starting Set console font and keymap...
         Starting AppArmor initialization...
[[0;32m  OK  [0m] Started udev Kernel Device Manager.
[[0;32m  OK  [0m] Started Dispatch Password Requests to Console Directory Watch.
[[0;32m  OK  [0m] Reached target Local Encrypted Volumes.
[[0;32m  OK  [0m] Started Tell Plymouth To Write Out Runtime Data.
[[0;32m  OK  [0m] Started Set console font and keymap.
[[0;32m  OK  [0m] Started Flush Journal to Persistent Storage.
[[0;32m  OK  [0m] Started Commit a transient machine-id on disk.
         Starting Create Volatile Files and Directories...
[[0;32m  OK  [0m] Started Create Volatile Files and Directories.
         Starting Update UTMP about System Boot/Shutdown...
[[0;32m  OK  [0m] Started Update UTMP about System Boot/Shutdown.
[[0;32m  OK  [0m] Started ebtables ruleset management.
[[0;32m  OK  [0m] Found device /dev/ttyS0.
[[0;32m  OK  [0m] Listening on Load/Save RF Kill Switch Status /dev/rfkill Watch.
[[0;32m  OK  [0m] Started AppArmor initialization.
         Starting Load AppArmor profiles managed internally by snapd...
         Starting Initial cloud-init job (pre-networking)...
[[0;32m  OK  [0m] Started Load AppArmor profiles managed internally by snapd.
[   14.524491] cloud-init[583]: Cloud-init v. 20.4.1-0ubuntu1~18.04.1 running 'init-local' at Tue, 02 Mar 2021 18:46:46 +0000. Up 13.98 seconds.
[[0;32m  OK  [0m] Started Initial cloud-init job (pre-networking).
[[0;32m  OK  [0m] Reached target Network (Pre).
         Starting Network Service...
[[0;32m  OK  [0m] Started Network Service.
         Starting Wait for Network to be Configured...
         Starting Network Name Resolution...
[[0;32m  OK  [0m] Started Network Name Resolution.
[[0;32m  OK  [0m] Reached target Host and Network Name Lookups.
[[0;32m  OK  [0m] Reached target Network.
[[0;32m  OK  [0m] Started Wait for Network to be Configured.
         Starting Initial cloud-init job (metadata service crawler)...
[   17.208171] cloud-init[695]: Cloud-init v. 20.4.1-0ubuntu1~18.04.1 running 'init' at Tue, 02 Mar 2021 18:46:49 +0000. Up 16.98 seconds.
[   17.220272] cloud-init[695]: ci-info: ++++++++++++++++++++++++++++++++++++++Net device info+++++++++++++++++++++++++++++++++++++++
[   17.221399] cloud-init[695]: ci-info: +--------+-------+----------------------------+---------------+--------+-------------------+
[   17.232915] cloud-init[695]: ci-info: | Device |   Up  |          Address           |      Mask     | Scope  |     Hw-Address    |
[   17.234201] cloud-init[695]: ci-info: +--------+-------+----------------------------+---------------+--------+-------------------+
[   17.235605] cloud-init[695]: ci-info: | enp0s3 |  True |         10.0.2.15          | 255.255.255.0 | global | 02:dd:e5:eb:6c:77 |
[   17.237001] cloud-init[695]: ci-info: | enp0s3 |  True | fe80::dd:e5ff:feeb:6c77/64 |       .       |  link  | 02:dd:e5:eb:6c:77 |
[   17.238306] cloud-init[695]: ci-info: | enp0s8 | False |             .              |       .       |   .    | 08:00:27:04:85:88 |
[   17.239754] cloud-init[695]: ci-info: |   lo   |  True |         127.0.0.1          |   255.0.0.0   |  host  |         .         |
[   17.240943] cloud-init[695]: ci-info: |   lo   |  True |          ::1/128           |       .       |  host  |         .         |
[   17.242851] cloud-init[695]: ci-info: +--------+-------+----------------------------+---------------+--------+-------------------+
[   17.243859] cloud-init[695]: ci-info: ++++++++++++++++++++++++++++Route IPv4 info+++++++++++++++++++++++++++++
[   17.244680] cloud-init[695]: ci-info: +-------+-------------+----------+-----------------+-----------+-------+
[   17.245512] cloud-init[695]: ci-info: | Route | Destination | Gateway  |     Genmask     | Interface | Flags |
[   17.256349] cloud-init[695]: ci-info: +-------+-------------+----------+-----------------+-----------+-------+
[   17.257442] cloud-init[695]: ci-info: |   0   |   0.0.0.0   | 10.0.2.2 |     0.0.0.0     |   enp0s3  |   UG  |
[   17.258328] cloud-init[695]: ci-info: |   1   |   10.0.2.0  | 0.0.0.0  |  255.255.255.0  |   enp0s3  |   U   |
[   17.259431] cloud-init[695]: ci-info: |   2   |   10.0.2.2  | 0.0.0.0  | 255.255.255.255 |   enp0s3  |   UH  |
[   17.260766] cloud-init[695]: ci-info: +-------+-------------+----------+-----------------+-----------+-------+
[   17.272545] cloud-init[695]: ci-info: +++++++++++++++++++Route IPv6 info+++++++++++++++++++
[   17.288140] cloud-init[695]: ci-info: +-------+-------------+---------+-----------+-------+
[   17.303221] cloud-init[695]: ci-info: | Route | Destination | Gateway | Interface | Flags |
[   17.303980] cloud-init[695]: ci-info: +-------+-------------+---------+-----------+-------+
[   17.304719] cloud-init[695]: ci-info: |   1   |  fe80::/64  |    ::   |   enp0s3  |   U   |
[   17.305441] cloud-init[695]: ci-info: |   3   |    local    |    ::   |   enp0s3  |   U   |
[   17.306076] cloud-init[695]: ci-info: |   4   |   ff00::/8  |    ::   |   enp0s3  |   U   |
[   17.320147] cloud-init[695]: ci-info: +-------+-------------+---------+-----------+-------+
[   17.891827] cloud-init[695]: Generating public/private rsa key pair.
[   17.892575] cloud-init[695]: Your identification has been saved in /etc/ssh/ssh_host_rsa_key.
[   17.893490] cloud-init[695]: Your public key has been saved in /etc/ssh/ssh_host_rsa_key.pub.
[   17.904546] cloud-init[695]: The key fingerprint is:
[   17.904997] cloud-init[695]: SHA256:taZOG81vX1n0KA0G8EoRMc21oS86RvWx21xSD0y8Bwk root@ubuntu-bionic
[   17.905774] cloud-init[695]: The key's randomart image is:
[   17.906288] cloud-init[695]: +---[RSA 2048]----+
[   17.916203] cloud-init[695]: |        **..Eo.. |
[   17.916842] cloud-init[695]: |         +oo =+  |
[   17.917437] cloud-init[695]: |        . = = ooo|
[   17.918013] cloud-init[695]: |       . + = =.=+|
[   17.928917] cloud-init[695]: |        S + = +.=|
[   17.941618] cloud-init[695]: |       . * . = oo|
[   17.942278] cloud-init[695]: |        B o . o..|
[   17.952357] cloud-init[695]: |       + + ..  . |
[   17.952905] cloud-init[695]: |        o  ....  |
[[0;32m  OK  [0m] Started Initial cloud-init job (metadata service crawler).
[   17.968474] cloud-init[695]: +----[SHA256]-----+
[[0;32m  OK  [0m] Reached target Cloud-config availability.
[   17.981143] cloud-init[695]: Generating public/private dsa key pair.
[[   17.982576] [0;32m  OK  [0mcloud-init] [695]: Reached target System Initialization.Your identification has been saved in /etc/ssh/ssh_host_dsa_key.

[   17.984044] cloud-init[695]: Your public key has been saved in /etc/ssh/ssh_host_dsa_key.pub.
[   17.984965] cloud-init[695]: The key fingerprint is:
[   17.987567] cloud-init[695]: SHA256:LnrTfNTLTL1GZzB2mdaOw6hVt045pq49uyV/NIeLkbI root@ubuntu-bionic
[   17.988415] cloud-init[695]: The key's randomart image is:
[   18.000157] cloud-init[695]: +---[DSA 1024]----+
[[0;32m  OK  [0m] Started Discard unused blocks once a week.
[   18.000280] cloud-init[695]: |                 |
[[0;32m  OK  [0m[   18.012202] ] cloud-initStarted Daily apt download activities.[695]: 
|                 |
[[   18.013137] [0;32m  OK  [0mcloud-init] [695]: Listening on Open-iSCSI iscsid Socket.|                +|

[   18.014097] cloud-init[695]: |              =++|
         [   18.025499] Starting LXD - unix socket.cloud-init
[695]: |        S  . B.Oo|
[   18.026082] cloud-init[695]: |       .  o B BB*|
[   18.026580] cloud-init[695]: |      .o.. O *=O+|
[[0;32m  OK  [0m[   18.036944] ] cloud-initStarted ACPI Events Check.[695]: |     .o.o E *oB..|

[   18.037805] cloud-init[695]: |    .. . . .o*+..|
[[   18.037866] [0;32m  OK  [0mcloud-init] [695]: Listening on ACPID Listen Socket.+----[SHA256]-----+

[   18.037914] cloud-init[695]: Generating public/private ecdsa key pair.
[[   18.039828] [0;32m  OK  [0mcloud-init] [695]: Started Message of the Day.Your identification has been saved in /etc/ssh/ssh_host_ecdsa_key.

[[0;32m  OK  [0m] Started Daily apt upgrade and clean activities.
[   18.040963] cloud-init[695]: Your public key has been saved in /etc/ssh/ssh_host_ecdsa_key.pub.
[[0;32m  OK  [0m[   18.042557] cloud-init[695]: The key fingerprint is:
[   18.042703] cloud-init[695]: SHA256:mrqInYX947Bj9xlpS6p8jIXxUsC5ORrD2hR86JtAwcs root@ubuntu-bionic
[   18.042926] cloud-init[695]: The key's randomart image is:
[   18.042989] cloud-init[695]: +---[ECDSA 256]---+
[   18.043145] cloud-init[695]: |.o.o .           |
[   18.043228] cloud-init[695]: | o+ =            |
[   18.043286] cloud-init[695]: |oo.o +           |
[   18.043459] cloud-init[695]: |.E* = .          |
[   18.043528] cloud-init[695]: | = * *  S        |
[   18.043651] cloud-init[695]: |. =oo oo .       |
[   18.043847] cloud-init[695]: |  . +=o =        |
[   18.044123] cloud-init[695]: | o =+==+ +       |
[   18.044480] cloud-init[695]: |. +.*B+o+        |
[   18.044952] cloud-init[695]: +----[SHA256]-----+
[   18.045280] cloud-init[695]: Generating public/private ed25519 key pair.
[   18.045589] cloud-init[695]: Your identification has been saved in /etc/ssh/ssh_host_ed25519_key.
] Listening on D-Bus System Message Bus Socket.
[   18.045924] cloud-init[695]: Your public key has been saved in /etc/ssh/ssh_host_ed25519_key.pub.
[   18.060648] cloud-init[695]: The key fingerprint is:
[   18.060716] cloud-init[695]: SHA256:AcrsWfAqhs7KftLjHwVL/fgEB45aJylh7f8walQd/XA root@ubuntu-bionic
[   18.061027] cloud-init[695]: The key's randomart image is:
[   18.061327] cloud-init[695]: +--[ED25519 256]--+
[   18.061721] cloud-init[695]: |   oo ..  .      |
[   18.062038] cloud-init[695]: |  .o.==... o E   |
[   18.062512] cloud-init[695]: |   .=Bo=o.. +    |
[   18.062842] cloud-init[695]: | . .===.=o   .   |
[   18.063153] cloud-init[695]: |. o.+.ooSo       |
         Starting Socket activation for snappy daemon.
[[0;32m  OK  [0m] Reached target Paths.
[[0;32m  OK  [0m] Listening on UUID daemon activation socket.
[[0;32m  OK  [0m] Started Daily Cleanup of Temporary Directories.
[[0;32m  OK  [0m] Reached target Timers.
[[0;32m  OK  [0m] Reached target Network is Online.
[   18.063547] cloud-init[695]: |o. . ..+o        |
[   18.655871] cloud-init[695]: | o. ... +.       |
[[0;32m  OK  [0m] Reached target Remote File Systems (Pre).
[[0;32m  OK  [0m] Reached target Remote File Systems.
[   18.906197] cloud-init[695]: |o. + o.  .       |
[   19.001796] cloud-init[695]: |oo+.+.           |
[   19.003158] cloud-init[695]: +----[SHA256]-----+
         Starting Availability of block devices...
[[0;32m  OK  [0m] Listening on LXD - unix socket.
[[0;32m  OK  [0m] Listening on Socket activation for snappy daemon.
[[0;32m  OK  [0m] Started Availability of block devices.
[[0;32m  OK  [0m] Reached target Sockets.
[[0;32m  OK  [0m] Reached target Basic System.
         Starting Pollinate to seed the pseudo random number generator...
         Starting Login Service...
         Starting Permit User Sessions...
         Starting Snap Daemon...
[[0;32m  OK  [0m] Started Deferred execution scheduler.
         Starting System Logging Service...
         Starting Dispatcher daemon for systemd-networkd...
         Starting Accounts Service...
[[0;32m  OK  [0m] Started FUSE filesystem for LXC.
         Starting LSB: automatic crash report generation...
[[0;32m  OK  [0m] Started Regular background program processing daemon.
[[0;32m  OK  [0m] Started irqbalance daemon.
         Starting Virtualbox guest utils...
[[0;32m  OK  [0m] Started D-Bus System Message Bus.
[[0;32m  OK  [0m] Started Login Service.
[[0;32m  OK  [0m] Started Unattended Upgrades Shutdown.
         Starting LSB: Record successful boot for GRUB...
         Starting LXD - container startup/shutdown...
[[0;32m  OK  [0m] Started System Logging Service.
[[0;32m  OK  [0m] Started Permit User Sessions.
         Starting Authorization Manager...
         Starting Hold until boot process finishes up...
         Starting Terminate Plymouth Boot Screen...
[[0;32m  OK  [0m] Started Hold until boot process finishes up.
[[0;32m  OK  [0m] Started Serial Getty on ttyS0.
         Starting Set console scheme...
[[0;32m  OK  [0m] Started Terminate Plymouth Boot Screen.
[[0;32m  OK  [0m] Started Set console scheme.
[[0;32m  OK  [0m] Created slice system-getty.slice.
[[0;32m  OK  [0m] Started Getty on tty1.
[[0;32m  OK  [0m] Reached target Login Prompts.
[[0;32m  OK  [0m] Started Authorization Manager.
[[0;32m  OK  [0m] Started Accounts Service.
[[0;32m  OK  [0m] Started LSB: Record successful boot for GRUB.
[[0;32m  OK  [0m] Started LSB: automatic crash report generation.
[[0;32m  OK  [0m] Started Virtualbox guest utils.
[[0;32m  OK  [0m] Started Dispatcher daemon for systemd-networkd.
[[0;32m  OK  [0m] Started LXD - container startup/shutdown.
[[0;32m  OK  [0m] Started Snap Daemon.
         Starting Wait until snapd is fully seeded...
[[0;32m  OK  [0m] Started Pollinate to seed the pseudo random number generator.
         Starting OpenBSD Secure Shell server...
[[0;32m  OK  [0m] Started OpenBSD Secure Shell server.
[[0;32m  OK  [0m] Created slice User Slice of vagrant.
         Starting User Manager for UID 1000...
[[0;32m  OK  [0m] Started Session 1 of user vagrant.
[[0;32m  OK  [0m] Started User Manager for UID 1000.
[[0;32m  OK  [0m] Started Wait until snapd is fully seeded.
         Starting Apply the settings specified in cloud-config...
[[0;32m  OK  [0m] Reached target Multi-User System.
[[0;32m  OK  [0m] Reached target Graphical Interface.
         Starting Update UTMP about System Runlevel Changes...
[[0;32m  OK  [0m] Started Update UTMP about System Runlevel Changes.
[   25.038423] cloud-init[1224]: Cloud-init v. 20.4.1-0ubuntu1~18.04.1 running 'modules:config' at Tue, 02 Mar 2021 18:46:55 +0000. Up 23.17 seconds.

Ubuntu 18.04.5 LTS ubuntu-bionic ttyS0

ubuntu-bionic login: ci-info: no authorized SSH keys fingerprints found for user ubuntu.
<14>Mar  2 18:46:58 ec2: 
<14>Mar  2 18:46:58 ec2: #############################################################
<14>Mar  2 18:46:58 ec2: -----BEGIN SSH HOST KEY FINGERPRINTS-----
<14>Mar  2 18:46:58 ec2: 1024 SHA256:LnrTfNTLTL1GZzB2mdaOw6hVt045pq49uyV/NIeLkbI root@ubuntu-bionic (DSA)
<14>Mar  2 18:46:58 ec2: 256 SHA256:mrqInYX947Bj9xlpS6p8jIXxUsC5ORrD2hR86JtAwcs root@ubuntu-bionic (ECDSA)
<14>Mar  2 18:46:58 ec2: 256 SHA256:AcrsWfAqhs7KftLjHwVL/fgEB45aJylh7f8walQd/XA root@ubuntu-bionic (ED25519)
<14>Mar  2 18:46:58 ec2: 2048 SHA256:taZOG81vX1n0KA0G8EoRMc21oS86RvWx21xSD0y8Bwk root@ubuntu-bionic (RSA)
<14>Mar  2 18:46:58 ec2: -----END SSH HOST KEY FINGERPRINTS-----
<14>Mar  2 18:46:58 ec2: #############################################################
-----BEGIN SSH HOST KEY KEYS-----
ecdsa-sha2-nistp256 AAAAE2VjZHNhLXNoYTItbmlzdHAyNTYAAAAIbmlzdHAyNTYAAABBBA6BO0w/cTPnKtHsK3Gnmq+DEni+KvsxCo0vb2vFONoFPR76lfEjaj8uUMBwPYrQZWCmoQIm1+u0DPHkT9bE3Ys= root@ubuntu-bionic
ssh-ed25519 AAAAC3NzaC1lZDI1NTE5AAAAIFO8dldvuf/R3ZyT8Gxs221Hfz2C7zel0qLgcAhGRex/ root@ubuntu-bionic
ssh-rsa AAAAB3NzaC1yc2EAAAADAQABAAABAQDaDAEcN+wFDP2RVlMPbpoy/l2LPTL1wjZP1Mi8tK4euVnhICYFOM8zknTJDWyXUJpm+33xgTd4GwnsKo1E0AS7t094goVZsCSe11yWbQptzQDupbfPtSIspyZljwpJyB2C63A8ODvAtPeokm+D79JXxWc7owz8hIdTABafkOn7YxoNiogTWu6XBpJojsDwGB+nfnUtsmBN/DKrYdk+VL2/szSPUm81KwAS394dwgCsg2sp4rxk3Zs541hhecWuW6OWI//LILutuTUe5WzeWJU47NLQxVcDhaLhLQ9MXltpevkcKdnsPAPXjEw/n9keSNH3orhi8xsRIsaoM6h6/kMR root@ubuntu-bionic
-----END SSH HOST KEY KEYS-----
[   26.001790] cloud-init[1383]: Cloud-init v. 20.4.1-0ubuntu1~18.04.1 running 'modules:final' at Tue, 02 Mar 2021 18:46:58 +0000. Up 25.75 seconds.
[   26.002988] cloud-init[1383]: ci-info: no authorized SSH keys fingerprints found for user ubuntu.
[   26.003248] cloud-init[1383]: Cloud-init v. 20.4.1-0ubuntu1~18.04.1 finished at Tue, 02 Mar 2021 18:46:58 +0000. Datasource DataSourceNoCloud [seed=/dev/sdb][dsmode=net].  Up 25.98 seconds
